{"contracts/AdminRole.sol":{"l":{"14":63,"15":51,"19":131,"23":28,"27":6,"31":28,"32":26,"36":6,"37":4},"path":"/Users/steve/codes/arca_token/contracts/AdminRole.sol","s":{"1":63,"2":131,"3":28,"4":6,"5":28,"6":26,"7":6,"8":4},"b":{"1":[51,12]},"f":{"1":63,"2":131,"3":28,"4":6,"5":28,"6":6},"fnMap":{"1":{"name":"onlyAdmin","line":13,"loc":{"start":{"line":13,"column":4},"end":{"line":13,"column":22}}},"2":{"name":"isAdmin","line":18,"loc":{"start":{"line":18,"column":4},"end":{"line":18,"column":62}}},"3":{"name":"addAdmin","line":22,"loc":{"start":{"line":22,"column":4},"end":{"line":22,"column":53}}},"4":{"name":"removeAdmin","line":26,"loc":{"start":{"line":26,"column":4},"end":{"line":26,"column":56}}},"5":{"name":"_addAdmin","line":30,"loc":{"start":{"line":30,"column":4},"end":{"line":30,"column":46}}},"6":{"name":"_removeAdmin","line":35,"loc":{"start":{"line":35,"column":4},"end":{"line":35,"column":49}}}},"statementMap":{"1":{"start":{"line":14,"column":8},"end":{"line":14,"column":85}},"2":{"start":{"line":19,"column":8},"end":{"line":19,"column":35}},"3":{"start":{"line":23,"column":8},"end":{"line":23,"column":25}},"4":{"start":{"line":27,"column":8},"end":{"line":27,"column":28}},"5":{"start":{"line":31,"column":8},"end":{"line":31,"column":27}},"6":{"start":{"line":32,"column":8},"end":{"line":32,"column":44}},"7":{"start":{"line":36,"column":8},"end":{"line":36,"column":30}},"8":{"start":{"line":37,"column":8},"end":{"line":37,"column":46}}},"branchMap":{"1":{"line":14,"type":"if","locations":[{"start":{"line":14,"column":8},"end":{"line":14,"column":8}},{"start":{"line":14,"column":8},"end":{"line":14,"column":8}}]}}},"contracts/ArcaToken.sol":{"l":{"35":46,"36":46,"49":41,"50":17,"54":24,"55":5,"60":19,"61":13,"65":6,"78":42,"79":11,"82":31,"83":30,"87":1,"94":30,"95":30,"96":8,"103":45,"110":4,"117":1,"124":4,"125":2,"126":2,"138":7,"150":1},"path":"/Users/steve/codes/arca_token/contracts/ArcaToken.sol","s":{"1":46,"2":46,"3":41,"4":17,"5":24,"6":5,"7":19,"8":13,"9":6,"10":42,"11":11,"12":31,"13":30,"14":1,"15":30,"16":30,"17":45,"18":4,"19":1,"20":4,"21":2,"22":2,"23":7,"24":1},"b":{"1":[17,24],"2":[5,19],"3":[13,6],"4":[11,31],"5":[30,1],"6":[8,22],"7":[2,2]},"f":{"1":46,"2":41,"3":42,"4":30,"5":45,"6":4,"7":1,"8":4,"9":7,"10":1},"fnMap":{"1":{"name":"constructor","line":32,"loc":{"start":{"line":32,"column":4},"end":{"line":34,"column":5}}},"2":{"name":"detectTransferRestriction","line":43,"loc":{"start":{"line":43,"column":4},"end":{"line":47,"column":5}}},"3":{"name":"messageForTransferRestriction","line":73,"loc":{"start":{"line":73,"column":4},"end":{"line":77,"column":5}}},"4":{"name":"notRestricted","line":93,"loc":{"start":{"line":93,"column":4},"end":{"line":93,"column":66}}},"5":{"name":"isValidAddress","line":102,"loc":{"start":{"line":102,"column":4},"end":{"line":102,"column":70}}},"6":{"name":"pause","line":109,"loc":{"start":{"line":109,"column":4},"end":{"line":109,"column":49}}},"7":{"name":"unpause","line":116,"loc":{"start":{"line":116,"column":4},"end":{"line":116,"column":48}}},"8":{"name":"mint","line":123,"loc":{"start":{"line":123,"column":4},"end":{"line":123,"column":80}}},"9":{"name":"transfer","line":132,"loc":{"start":{"line":132,"column":4},"end":{"line":137,"column":5}}},"10":{"name":"transferFrom","line":144,"loc":{"start":{"line":144,"column":4},"end":{"line":149,"column":5}}}},"statementMap":{"1":{"start":{"line":35,"column":8},"end":{"line":35,"column":33}},"2":{"start":{"line":36,"column":8},"end":{"line":36,"column":23}},"3":{"start":{"line":49,"column":8},"end":{"line":49,"column":1743}},"4":{"start":{"line":50,"column":12},"end":{"line":50,"column":40}},"5":{"start":{"line":54,"column":8},"end":{"line":54,"column":1908}},"6":{"start":{"line":55,"column":12},"end":{"line":55,"column":31}},"7":{"start":{"line":60,"column":8},"end":{"line":60,"column":2141}},"8":{"start":{"line":61,"column":12},"end":{"line":61,"column":40}},"9":{"start":{"line":65,"column":8},"end":{"line":65,"column":27}},"10":{"start":{"line":78,"column":8},"end":{"line":78,"column":2693}},"11":{"start":{"line":79,"column":12},"end":{"line":79,"column":34}},"12":{"start":{"line":82,"column":8},"end":{"line":82,"column":2787}},"13":{"start":{"line":83,"column":12},"end":{"line":83,"column":48}},"14":{"start":{"line":87,"column":8},"end":{"line":87,"column":28}},"15":{"start":{"line":94,"column":8},"end":{"line":94,"column":74}},"16":{"start":{"line":95,"column":8},"end":{"line":95,"column":95}},"17":{"start":{"line":103,"column":9},"end":{"line":103,"column":90}},"18":{"start":{"line":110,"column":8},"end":{"line":110,"column":24}},"19":{"start":{"line":117,"column":8},"end":{"line":117,"column":26}},"20":{"start":{"line":124,"column":8},"end":{"line":124,"column":75}},"21":{"start":{"line":125,"column":8},"end":{"line":125,"column":49}},"22":{"start":{"line":126,"column":8},"end":{"line":126,"column":19}},"23":{"start":{"line":138,"column":8},"end":{"line":138,"column":42}},"24":{"start":{"line":150,"column":8},"end":{"line":150,"column":52}}},"branchMap":{"1":{"line":49,"type":"if","locations":[{"start":{"line":49,"column":8},"end":{"line":49,"column":8}},{"start":{"line":49,"column":8},"end":{"line":49,"column":8}}]},"2":{"line":54,"type":"if","locations":[{"start":{"line":54,"column":8},"end":{"line":54,"column":8}},{"start":{"line":54,"column":8},"end":{"line":54,"column":8}}]},"3":{"line":60,"type":"if","locations":[{"start":{"line":60,"column":8},"end":{"line":60,"column":8}},{"start":{"line":60,"column":8},"end":{"line":60,"column":8}}]},"4":{"line":78,"type":"if","locations":[{"start":{"line":78,"column":8},"end":{"line":78,"column":8}},{"start":{"line":78,"column":8},"end":{"line":78,"column":8}}]},"5":{"line":82,"type":"if","locations":[{"start":{"line":82,"column":8},"end":{"line":82,"column":8}},{"start":{"line":82,"column":8},"end":{"line":82,"column":8}}]},"6":{"line":95,"type":"if","locations":[{"start":{"line":95,"column":8},"end":{"line":95,"column":8}},{"start":{"line":95,"column":8},"end":{"line":95,"column":8}}]},"7":{"line":124,"type":"if","locations":[{"start":{"line":124,"column":8},"end":{"line":124,"column":8}},{"start":{"line":124,"column":8},"end":{"line":124,"column":8}}]}}},"contracts/ERC1404.sol":{"l":{},"path":"/Users/steve/codes/arca_token/contracts/ERC1404.sol","s":{},"b":{},"f":{},"fnMap":{},"statementMap":{},"branchMap":{}},"contracts/Mintable.sol":{"l":{"10":2,"11":2,"12":2},"path":"/Users/steve/codes/arca_token/contracts/Mintable.sol","s":{"1":2,"2":2,"3":2},"b":{},"f":{"1":2},"fnMap":{"1":{"name":"mint","line":9,"loc":{"start":{"line":9,"column":2},"end":{"line":9,"column":83}}}},"statementMap":{"1":{"start":{"line":10,"column":6},"end":{"line":10,"column":22}},"2":{"start":{"line":11,"column":6},"end":{"line":11,"column":35}},"3":{"start":{"line":12,"column":6},"end":{"line":12,"column":17}}},"branchMap":{}},"contracts/OwnerRole.sol":{"l":{"14":83,"15":51,"19":155,"23":4,"27":4,"28":2,"32":50,"33":50,"37":2,"38":2},"path":"/Users/steve/codes/arca_token/contracts/OwnerRole.sol","s":{"1":83,"2":155,"3":4,"4":4,"5":2,"6":50,"7":50,"8":2,"9":2},"b":{"1":[51,32],"2":[2,2]},"f":{"1":83,"2":155,"3":4,"4":4,"5":50,"6":2},"fnMap":{"1":{"name":"onlyOwner","line":13,"loc":{"start":{"line":13,"column":4},"end":{"line":13,"column":22}}},"2":{"name":"isOwner","line":18,"loc":{"start":{"line":18,"column":4},"end":{"line":18,"column":62}}},"3":{"name":"addOwner","line":22,"loc":{"start":{"line":22,"column":4},"end":{"line":22,"column":53}}},"4":{"name":"removeOwner","line":26,"loc":{"start":{"line":26,"column":4},"end":{"line":26,"column":56}}},"5":{"name":"_addOwner","line":31,"loc":{"start":{"line":31,"column":4},"end":{"line":31,"column":46}}},"6":{"name":"_removeOwner","line":36,"loc":{"start":{"line":36,"column":4},"end":{"line":36,"column":49}}}},"statementMap":{"1":{"start":{"line":14,"column":8},"end":{"line":14,"column":85}},"2":{"start":{"line":19,"column":8},"end":{"line":19,"column":35}},"3":{"start":{"line":23,"column":8},"end":{"line":23,"column":25}},"4":{"start":{"line":27,"column":8},"end":{"line":27,"column":81}},"5":{"start":{"line":28,"column":8},"end":{"line":28,"column":28}},"6":{"start":{"line":32,"column":8},"end":{"line":32,"column":27}},"7":{"start":{"line":33,"column":8},"end":{"line":33,"column":44}},"8":{"start":{"line":37,"column":8},"end":{"line":37,"column":30}},"9":{"start":{"line":38,"column":8},"end":{"line":38,"column":46}}},"branchMap":{"1":{"line":14,"type":"if","locations":[{"start":{"line":14,"column":8},"end":{"line":14,"column":8}},{"start":{"line":14,"column":8},"end":{"line":14,"column":8}}]},"2":{"line":27,"type":"if","locations":[{"start":{"line":27,"column":8},"end":{"line":27,"column":8}},{"start":{"line":27,"column":8},"end":{"line":27,"column":8}}]}}},"contracts/Pausable.sol":{"l":{"32":46,"39":2,"46":38,"47":34,"54":1,"55":1,"62":4,"63":4,"70":1,"71":1},"path":"/Users/steve/codes/arca_token/contracts/Pausable.sol","s":{"1":46,"2":2,"3":38,"4":1,"5":4,"6":4,"7":1,"8":1},"b":{"1":[34,4],"2":[1,0]},"f":{"1":46,"2":2,"3":38,"4":1,"5":4,"6":1},"fnMap":{"1":{"name":"constructor","line":31,"loc":{"start":{"line":31,"column":4},"end":{"line":31,"column":25}}},"2":{"name":"paused","line":38,"loc":{"start":{"line":38,"column":4},"end":{"line":38,"column":46}}},"3":{"name":"whenNotPaused","line":45,"loc":{"start":{"line":45,"column":4},"end":{"line":45,"column":26}}},"4":{"name":"whenPaused","line":53,"loc":{"start":{"line":53,"column":4},"end":{"line":53,"column":23}}},"5":{"name":"_pause","line":61,"loc":{"start":{"line":61,"column":4},"end":{"line":61,"column":28}}},"6":{"name":"_unpause","line":69,"loc":{"start":{"line":69,"column":4},"end":{"line":69,"column":30}}}},"statementMap":{"1":{"start":{"line":32,"column":8},"end":{"line":32,"column":22}},"2":{"start":{"line":39,"column":8},"end":{"line":39,"column":22}},"3":{"start":{"line":46,"column":8},"end":{"line":46,"column":44}},"4":{"start":{"line":54,"column":8},"end":{"line":54,"column":47}},"5":{"start":{"line":62,"column":8},"end":{"line":62,"column":21}},"6":{"start":{"line":63,"column":8},"end":{"line":63,"column":31}},"7":{"start":{"line":70,"column":8},"end":{"line":70,"column":22}},"8":{"start":{"line":71,"column":8},"end":{"line":71,"column":33}}},"branchMap":{"1":{"line":46,"type":"if","locations":[{"start":{"line":46,"column":8},"end":{"line":46,"column":8}},{"start":{"line":46,"column":8},"end":{"line":46,"column":8}}]},"2":{"line":54,"type":"if","locations":[{"start":{"line":54,"column":8},"end":{"line":54,"column":8}},{"start":{"line":54,"column":8},"end":{"line":54,"column":8}}]}}},"contracts/Revocable.sol":{"l":{"18":2,"19":2,"20":2},"path":"/Users/steve/codes/arca_token/contracts/Revocable.sol","s":{"1":2,"2":2,"3":2},"b":{},"f":{"1":2},"fnMap":{"1":{"name":"revoke","line":10,"loc":{"start":{"line":10,"column":2},"end":{"line":17,"column":3}}}},"statementMap":{"1":{"start":{"line":18,"column":4},"end":{"line":18,"column":46}},"2":{"start":{"line":19,"column":4},"end":{"line":19,"column":43}},"3":{"start":{"line":20,"column":4},"end":{"line":20,"column":15}}},"branchMap":{}},"contracts/Whitelistable.sol":{"l":{"34":29,"37":27,"40":27,"43":27,"45":5,"49":27,"57":7,"60":7,"63":7,"72":13,"75":13,"78":13,"87":26,"88":26,"91":26,"92":10,"96":16},"path":"/Users/steve/codes/arca_token/contracts/Whitelistable.sol","s":{"1":29,"2":27,"3":27,"4":27,"5":5,"6":27,"7":7,"8":7,"9":7,"10":13,"11":13,"12":13,"13":26,"14":26,"15":26,"16":10,"17":16},"b":{"1":[27,2],"2":[5,22],"3":[10,16]},"f":{"1":29,"2":7,"3":13,"4":26},"fnMap":{"1":{"name":"addToWhitelist","line":32,"loc":{"start":{"line":32,"column":4},"end":{"line":32,"column":81}}},"2":{"name":"removeFromWhitelist","line":55,"loc":{"start":{"line":55,"column":4},"end":{"line":55,"column":72}}},"3":{"name":"updateOutboundWhitelistEnabled","line":70,"loc":{"start":{"line":70,"column":4},"end":{"line":70,"column":131}}},"4":{"name":"checkWhitelistAllowed","line":85,"loc":{"start":{"line":85,"column":4},"end":{"line":85,"column":93}}}},"statementMap":{"1":{"start":{"line":34,"column":8},"end":{"line":34,"column":74}},"2":{"start":{"line":37,"column":8},"end":{"line":37,"column":65}},"3":{"start":{"line":40,"column":8},"end":{"line":40,"column":50}},"4":{"start":{"line":43,"column":8},"end":{"line":43,"column":2031}},"5":{"start":{"line":45,"column":12},"end":{"line":45,"column":89}},"6":{"start":{"line":49,"column":8},"end":{"line":49,"column":73}},"7":{"start":{"line":57,"column":8},"end":{"line":57,"column":68}},"8":{"start":{"line":60,"column":8},"end":{"line":60,"column":56}},"9":{"start":{"line":63,"column":8},"end":{"line":63,"column":88}},"10":{"start":{"line":72,"column":8},"end":{"line":72,"column":95}},"11":{"start":{"line":75,"column":8},"end":{"line":75,"column":89}},"12":{"start":{"line":78,"column":8},"end":{"line":78,"column":122}},"13":{"start":{"line":87,"column":8},"end":{"line":87,"column":57}},"14":{"start":{"line":88,"column":8},"end":{"line":88,"column":61}},"15":{"start":{"line":91,"column":8},"end":{"line":91,"column":4153}},"16":{"start":{"line":92,"column":12},"end":{"line":92,"column":24}},"17":{"start":{"line":96,"column":8},"end":{"line":96,"column":76}}},"branchMap":{"1":{"line":34,"type":"if","locations":[{"start":{"line":34,"column":8},"end":{"line":34,"column":8}},{"start":{"line":34,"column":8},"end":{"line":34,"column":8}}]},"2":{"line":43,"type":"if","locations":[{"start":{"line":43,"column":8},"end":{"line":43,"column":8}},{"start":{"line":43,"column":8},"end":{"line":43,"column":8}}]},"3":{"line":91,"type":"if","locations":[{"start":{"line":91,"column":8},"end":{"line":91,"column":8}},{"start":{"line":91,"column":8},"end":{"line":91,"column":8}}]}}}}