{"contracts/AdminRole.sol":{"l":{"14":63,"15":51,"19":131,"23":28,"27":6,"31":28,"32":26,"36":6,"37":4},"path":"/Users/steve/codes/arca_token/contracts/AdminRole.sol","s":{"1":63,"2":131,"3":28,"4":6,"5":28,"6":26,"7":6,"8":4},"b":{"1":[51,12]},"f":{"1":63,"2":131,"3":28,"4":6,"5":28,"6":6},"fnMap":{"1":{"name":"onlyAdmin","line":13,"loc":{"start":{"line":13,"column":4},"end":{"line":13,"column":22}}},"2":{"name":"isAdmin","line":18,"loc":{"start":{"line":18,"column":4},"end":{"line":18,"column":62}}},"3":{"name":"addAdmin","line":22,"loc":{"start":{"line":22,"column":4},"end":{"line":22,"column":53}}},"4":{"name":"removeAdmin","line":26,"loc":{"start":{"line":26,"column":4},"end":{"line":26,"column":56}}},"5":{"name":"_addAdmin","line":30,"loc":{"start":{"line":30,"column":4},"end":{"line":30,"column":46}}},"6":{"name":"_removeAdmin","line":35,"loc":{"start":{"line":35,"column":4},"end":{"line":35,"column":49}}}},"statementMap":{"1":{"start":{"line":14,"column":8},"end":{"line":14,"column":85}},"2":{"start":{"line":19,"column":8},"end":{"line":19,"column":35}},"3":{"start":{"line":23,"column":8},"end":{"line":23,"column":25}},"4":{"start":{"line":27,"column":8},"end":{"line":27,"column":28}},"5":{"start":{"line":31,"column":8},"end":{"line":31,"column":27}},"6":{"start":{"line":32,"column":8},"end":{"line":32,"column":44}},"7":{"start":{"line":36,"column":8},"end":{"line":36,"column":30}},"8":{"start":{"line":37,"column":8},"end":{"line":37,"column":46}}},"branchMap":{"1":{"line":14,"type":"if","locations":[{"start":{"line":14,"column":8},"end":{"line":14,"column":8}},{"start":{"line":14,"column":8},"end":{"line":14,"column":8}}]}}},"contracts/ArcaToken.sol":{"l":{"36":52,"37":52,"51":43,"52":2,"56":41,"57":17,"61":24,"62":5,"67":19,"68":13,"72":6,"85":44,"86":13,"89":31,"90":30,"94":1,"101":32,"102":32,"103":10,"112":6,"119":45,"126":4,"127":4,"134":1,"141":4,"142":2,"143":2,"155":9,"167":1},"path":"/Users/steve/codes/arca_token/contracts/ArcaToken.sol","s":{"1":52,"2":52,"3":43,"4":2,"5":41,"6":17,"7":24,"8":5,"9":19,"10":13,"11":6,"12":44,"13":13,"14":31,"15":30,"16":1,"17":32,"18":32,"19":6,"20":45,"21":4,"22":4,"23":1,"24":4,"25":2,"26":2,"27":9,"28":1},"b":{"1":[2,41],"2":[17,24],"3":[5,19],"4":[13,6],"5":[13,31],"6":[30,1],"7":[10,22],"8":[4,0],"9":[2,2]},"f":{"1":52,"2":43,"3":44,"4":32,"5":6,"6":45,"7":4,"8":1,"9":4,"10":9,"11":1},"fnMap":{"1":{"name":"constructor","line":33,"loc":{"start":{"line":33,"column":4},"end":{"line":35,"column":5}}},"2":{"name":"detectTransferRestriction","line":44,"loc":{"start":{"line":44,"column":4},"end":{"line":48,"column":5}}},"3":{"name":"messageForTransferRestriction","line":80,"loc":{"start":{"line":80,"column":4},"end":{"line":84,"column":5}}},"4":{"name":"notRestricted","line":100,"loc":{"start":{"line":100,"column":4},"end":{"line":100,"column":66}}},"5":{"name":"disableRestrictions","line":111,"loc":{"start":{"line":111,"column":4},"end":{"line":111,"column":63}}},"6":{"name":"isValidAddress","line":118,"loc":{"start":{"line":118,"column":4},"end":{"line":118,"column":70}}},"7":{"name":"pause","line":125,"loc":{"start":{"line":125,"column":4},"end":{"line":125,"column":49}}},"8":{"name":"unpause","line":133,"loc":{"start":{"line":133,"column":4},"end":{"line":133,"column":48}}},"9":{"name":"mint","line":140,"loc":{"start":{"line":140,"column":4},"end":{"line":140,"column":80}}},"10":{"name":"transfer","line":149,"loc":{"start":{"line":149,"column":4},"end":{"line":154,"column":5}}},"11":{"name":"transferFrom","line":161,"loc":{"start":{"line":161,"column":4},"end":{"line":166,"column":5}}}},"statementMap":{"1":{"start":{"line":36,"column":8},"end":{"line":36,"column":33}},"2":{"start":{"line":37,"column":8},"end":{"line":37,"column":23}},"3":{"start":{"line":51,"column":8},"end":{"line":51,"column":1838}},"4":{"start":{"line":52,"column":12},"end":{"line":52,"column":31}},"5":{"start":{"line":56,"column":8},"end":{"line":56,"column":2011}},"6":{"start":{"line":57,"column":12},"end":{"line":57,"column":40}},"7":{"start":{"line":61,"column":8},"end":{"line":61,"column":2176}},"8":{"start":{"line":62,"column":12},"end":{"line":62,"column":31}},"9":{"start":{"line":67,"column":8},"end":{"line":67,"column":2409}},"10":{"start":{"line":68,"column":12},"end":{"line":68,"column":40}},"11":{"start":{"line":72,"column":8},"end":{"line":72,"column":27}},"12":{"start":{"line":85,"column":8},"end":{"line":85,"column":2961}},"13":{"start":{"line":86,"column":12},"end":{"line":86,"column":34}},"14":{"start":{"line":89,"column":8},"end":{"line":89,"column":3055}},"15":{"start":{"line":90,"column":12},"end":{"line":90,"column":48}},"16":{"start":{"line":94,"column":8},"end":{"line":94,"column":28}},"17":{"start":{"line":101,"column":8},"end":{"line":101,"column":74}},"18":{"start":{"line":102,"column":8},"end":{"line":102,"column":95}},"19":{"start":{"line":112,"column":8},"end":{"line":112,"column":29}},"20":{"start":{"line":119,"column":9},"end":{"line":119,"column":90}},"21":{"start":{"line":126,"column":8},"end":{"line":126,"column":99}},"22":{"start":{"line":127,"column":8},"end":{"line":127,"column":24}},"23":{"start":{"line":134,"column":8},"end":{"line":134,"column":26}},"24":{"start":{"line":141,"column":8},"end":{"line":141,"column":75}},"25":{"start":{"line":142,"column":8},"end":{"line":142,"column":49}},"26":{"start":{"line":143,"column":8},"end":{"line":143,"column":19}},"27":{"start":{"line":155,"column":8},"end":{"line":155,"column":42}},"28":{"start":{"line":167,"column":8},"end":{"line":167,"column":52}}},"branchMap":{"1":{"line":51,"type":"if","locations":[{"start":{"line":51,"column":8},"end":{"line":51,"column":8}},{"start":{"line":51,"column":8},"end":{"line":51,"column":8}}]},"2":{"line":56,"type":"if","locations":[{"start":{"line":56,"column":8},"end":{"line":56,"column":8}},{"start":{"line":56,"column":8},"end":{"line":56,"column":8}}]},"3":{"line":61,"type":"if","locations":[{"start":{"line":61,"column":8},"end":{"line":61,"column":8}},{"start":{"line":61,"column":8},"end":{"line":61,"column":8}}]},"4":{"line":67,"type":"if","locations":[{"start":{"line":67,"column":8},"end":{"line":67,"column":8}},{"start":{"line":67,"column":8},"end":{"line":67,"column":8}}]},"5":{"line":85,"type":"if","locations":[{"start":{"line":85,"column":8},"end":{"line":85,"column":8}},{"start":{"line":85,"column":8},"end":{"line":85,"column":8}}]},"6":{"line":89,"type":"if","locations":[{"start":{"line":89,"column":8},"end":{"line":89,"column":8}},{"start":{"line":89,"column":8},"end":{"line":89,"column":8}}]},"7":{"line":102,"type":"if","locations":[{"start":{"line":102,"column":8},"end":{"line":102,"column":8}},{"start":{"line":102,"column":8},"end":{"line":102,"column":8}}]},"8":{"line":126,"type":"if","locations":[{"start":{"line":126,"column":8},"end":{"line":126,"column":8}},{"start":{"line":126,"column":8},"end":{"line":126,"column":8}}]},"9":{"line":141,"type":"if","locations":[{"start":{"line":141,"column":8},"end":{"line":141,"column":8}},{"start":{"line":141,"column":8},"end":{"line":141,"column":8}}]}}},"contracts/ERC1404.sol":{"l":{},"path":"/Users/steve/codes/arca_token/contracts/ERC1404.sol","s":{},"b":{},"f":{},"fnMap":{},"statementMap":{},"branchMap":{}},"contracts/Mintable.sol":{"l":{"10":2,"11":2,"12":2},"path":"/Users/steve/codes/arca_token/contracts/Mintable.sol","s":{"1":2,"2":2,"3":2},"b":{},"f":{"1":2},"fnMap":{"1":{"name":"mint","line":9,"loc":{"start":{"line":9,"column":2},"end":{"line":9,"column":83}}}},"statementMap":{"1":{"start":{"line":10,"column":6},"end":{"line":10,"column":22}},"2":{"start":{"line":11,"column":6},"end":{"line":11,"column":35}},"3":{"start":{"line":12,"column":6},"end":{"line":12,"column":17}}},"branchMap":{}},"contracts/OwnerRole.sol":{"l":{"14":93,"15":57,"19":165,"23":4,"27":4,"28":2,"32":56,"33":56,"37":2,"38":2},"path":"/Users/steve/codes/arca_token/contracts/OwnerRole.sol","s":{"1":93,"2":165,"3":4,"4":4,"5":2,"6":56,"7":56,"8":2,"9":2},"b":{"1":[57,36],"2":[2,2]},"f":{"1":93,"2":165,"3":4,"4":4,"5":56,"6":2},"fnMap":{"1":{"name":"onlyOwner","line":13,"loc":{"start":{"line":13,"column":4},"end":{"line":13,"column":22}}},"2":{"name":"isOwner","line":18,"loc":{"start":{"line":18,"column":4},"end":{"line":18,"column":62}}},"3":{"name":"addOwner","line":22,"loc":{"start":{"line":22,"column":4},"end":{"line":22,"column":53}}},"4":{"name":"removeOwner","line":26,"loc":{"start":{"line":26,"column":4},"end":{"line":26,"column":56}}},"5":{"name":"_addOwner","line":31,"loc":{"start":{"line":31,"column":4},"end":{"line":31,"column":46}}},"6":{"name":"_removeOwner","line":36,"loc":{"start":{"line":36,"column":4},"end":{"line":36,"column":49}}}},"statementMap":{"1":{"start":{"line":14,"column":8},"end":{"line":14,"column":85}},"2":{"start":{"line":19,"column":8},"end":{"line":19,"column":35}},"3":{"start":{"line":23,"column":8},"end":{"line":23,"column":25}},"4":{"start":{"line":27,"column":8},"end":{"line":27,"column":81}},"5":{"start":{"line":28,"column":8},"end":{"line":28,"column":28}},"6":{"start":{"line":32,"column":8},"end":{"line":32,"column":27}},"7":{"start":{"line":33,"column":8},"end":{"line":33,"column":44}},"8":{"start":{"line":37,"column":8},"end":{"line":37,"column":30}},"9":{"start":{"line":38,"column":8},"end":{"line":38,"column":46}}},"branchMap":{"1":{"line":14,"type":"if","locations":[{"start":{"line":14,"column":8},"end":{"line":14,"column":8}},{"start":{"line":14,"column":8},"end":{"line":14,"column":8}}]},"2":{"line":27,"type":"if","locations":[{"start":{"line":27,"column":8},"end":{"line":27,"column":8}},{"start":{"line":27,"column":8},"end":{"line":27,"column":8}}]}}},"contracts/Pausable.sol":{"l":{"32":52,"39":2,"46":46,"47":42,"54":1,"55":1,"62":4,"63":4,"70":1,"71":1},"path":"/Users/steve/codes/arca_token/contracts/Pausable.sol","s":{"1":52,"2":2,"3":46,"4":1,"5":4,"6":4,"7":1,"8":1},"b":{"1":[42,4],"2":[1,0]},"f":{"1":52,"2":2,"3":46,"4":1,"5":4,"6":1},"fnMap":{"1":{"name":"constructor","line":31,"loc":{"start":{"line":31,"column":4},"end":{"line":31,"column":25}}},"2":{"name":"paused","line":38,"loc":{"start":{"line":38,"column":4},"end":{"line":38,"column":46}}},"3":{"name":"whenNotPaused","line":45,"loc":{"start":{"line":45,"column":4},"end":{"line":45,"column":26}}},"4":{"name":"whenPaused","line":53,"loc":{"start":{"line":53,"column":4},"end":{"line":53,"column":23}}},"5":{"name":"_pause","line":61,"loc":{"start":{"line":61,"column":4},"end":{"line":61,"column":28}}},"6":{"name":"_unpause","line":69,"loc":{"start":{"line":69,"column":4},"end":{"line":69,"column":30}}}},"statementMap":{"1":{"start":{"line":32,"column":8},"end":{"line":32,"column":22}},"2":{"start":{"line":39,"column":8},"end":{"line":39,"column":22}},"3":{"start":{"line":46,"column":8},"end":{"line":46,"column":44}},"4":{"start":{"line":54,"column":8},"end":{"line":54,"column":47}},"5":{"start":{"line":62,"column":8},"end":{"line":62,"column":21}},"6":{"start":{"line":63,"column":8},"end":{"line":63,"column":31}},"7":{"start":{"line":70,"column":8},"end":{"line":70,"column":22}},"8":{"start":{"line":71,"column":8},"end":{"line":71,"column":33}}},"branchMap":{"1":{"line":46,"type":"if","locations":[{"start":{"line":46,"column":8},"end":{"line":46,"column":8}},{"start":{"line":46,"column":8},"end":{"line":46,"column":8}}]},"2":{"line":54,"type":"if","locations":[{"start":{"line":54,"column":8},"end":{"line":54,"column":8}},{"start":{"line":54,"column":8},"end":{"line":54,"column":8}}]}}},"contracts/Restrictable.sol":{"l":{"19":49,"27":6,"30":4,"33":4},"path":"/Users/steve/codes/arca_token/contracts/Restrictable.sol","s":{"1":49,"2":6,"3":4,"4":4},"b":{"1":[4,2]},"f":{"1":49,"2":6},"fnMap":{"1":{"name":"isRestrictionEnabled","line":18,"loc":{"start":{"line":18,"column":4},"end":{"line":18,"column":60}}},"2":{"name":"_disableRestrictions","line":26,"loc":{"start":{"line":26,"column":4},"end":{"line":26,"column":42}}}},"statementMap":{"1":{"start":{"line":19,"column":8},"end":{"line":19,"column":35}},"2":{"start":{"line":27,"column":8},"end":{"line":27,"column":74}},"3":{"start":{"line":30,"column":8},"end":{"line":30,"column":35}},"4":{"start":{"line":33,"column":8},"end":{"line":33,"column":45}}},"branchMap":{"1":{"line":27,"type":"if","locations":[{"start":{"line":27,"column":8},"end":{"line":27,"column":8}},{"start":{"line":27,"column":8},"end":{"line":27,"column":8}}]}}},"contracts/Revocable.sol":{"l":{"18":2,"19":2,"20":2},"path":"/Users/steve/codes/arca_token/contracts/Revocable.sol","s":{"1":2,"2":2,"3":2},"b":{},"f":{"1":2},"fnMap":{"1":{"name":"revoke","line":10,"loc":{"start":{"line":10,"column":2},"end":{"line":17,"column":3}}}},"statementMap":{"1":{"start":{"line":18,"column":4},"end":{"line":18,"column":46}},"2":{"start":{"line":19,"column":4},"end":{"line":19,"column":43}},"3":{"start":{"line":20,"column":4},"end":{"line":20,"column":15}}},"branchMap":{}},"contracts/Whitelistable.sol":{"l":{"34":29,"37":27,"40":27,"43":27,"45":5,"49":27,"57":7,"60":7,"63":7,"72":13,"75":13,"78":13,"87":26,"88":26,"91":26,"92":10,"96":16},"path":"/Users/steve/codes/arca_token/contracts/Whitelistable.sol","s":{"1":29,"2":27,"3":27,"4":27,"5":5,"6":27,"7":7,"8":7,"9":7,"10":13,"11":13,"12":13,"13":26,"14":26,"15":26,"16":10,"17":16},"b":{"1":[27,2],"2":[5,22],"3":[10,16]},"f":{"1":29,"2":7,"3":13,"4":26},"fnMap":{"1":{"name":"addToWhitelist","line":32,"loc":{"start":{"line":32,"column":4},"end":{"line":32,"column":81}}},"2":{"name":"removeFromWhitelist","line":55,"loc":{"start":{"line":55,"column":4},"end":{"line":55,"column":72}}},"3":{"name":"updateOutboundWhitelistEnabled","line":70,"loc":{"start":{"line":70,"column":4},"end":{"line":70,"column":131}}},"4":{"name":"checkWhitelistAllowed","line":85,"loc":{"start":{"line":85,"column":4},"end":{"line":85,"column":93}}}},"statementMap":{"1":{"start":{"line":34,"column":8},"end":{"line":34,"column":74}},"2":{"start":{"line":37,"column":8},"end":{"line":37,"column":65}},"3":{"start":{"line":40,"column":8},"end":{"line":40,"column":50}},"4":{"start":{"line":43,"column":8},"end":{"line":43,"column":2031}},"5":{"start":{"line":45,"column":12},"end":{"line":45,"column":89}},"6":{"start":{"line":49,"column":8},"end":{"line":49,"column":73}},"7":{"start":{"line":57,"column":8},"end":{"line":57,"column":68}},"8":{"start":{"line":60,"column":8},"end":{"line":60,"column":56}},"9":{"start":{"line":63,"column":8},"end":{"line":63,"column":88}},"10":{"start":{"line":72,"column":8},"end":{"line":72,"column":95}},"11":{"start":{"line":75,"column":8},"end":{"line":75,"column":89}},"12":{"start":{"line":78,"column":8},"end":{"line":78,"column":122}},"13":{"start":{"line":87,"column":8},"end":{"line":87,"column":57}},"14":{"start":{"line":88,"column":8},"end":{"line":88,"column":61}},"15":{"start":{"line":91,"column":8},"end":{"line":91,"column":4153}},"16":{"start":{"line":92,"column":12},"end":{"line":92,"column":24}},"17":{"start":{"line":96,"column":8},"end":{"line":96,"column":76}}},"branchMap":{"1":{"line":34,"type":"if","locations":[{"start":{"line":34,"column":8},"end":{"line":34,"column":8}},{"start":{"line":34,"column":8},"end":{"line":34,"column":8}}]},"2":{"line":43,"type":"if","locations":[{"start":{"line":43,"column":8},"end":{"line":43,"column":8}},{"start":{"line":43,"column":8},"end":{"line":43,"column":8}}]},"3":{"line":91,"type":"if","locations":[{"start":{"line":91,"column":8},"end":{"line":91,"column":8}},{"start":{"line":91,"column":8},"end":{"line":91,"column":8}}]}}}}